#
# A fatal error has been detected by the Java Runtime Environment:
#
#  EXCEPTION_ACCESS_VIOLATION (0xc0000005) at pc=0x000000006b95caf0, pid=2572, tid=3800
#
# JRE version: Java(TM) SE Runtime Environment (8.0_91-b14) (build 1.8.0_91-b14)
# Java VM: Java HotSpot(TM) 64-Bit Server VM (25.91-b14 mixed mode windows-amd64 compressed oops)
# Problematic frame:
# V  [jvm.dll+0x49caf0]
#
# Failed to write core dump. Minidumps are not enabled by default on client versions of Windows
#
# If you would like to submit a bug report, please visit:
#   http://bugreport.java.com/bugreport/crash.jsp
#

---------------  T H R E A D  ---------------

Current thread (0x00000000551f7000):  JavaThread "C2 CompilerThread1" daemon [_thread_in_native, id=3800, stack(0x0000000056620000,0x0000000056720000)]

siginfo: ExceptionCode=0xc0000005, reading address 0xffffffffffffffff

Registers:
RAX=0x0000000000000000, RBX=0x000000005bee91f0, RCX=0x002000006bcd36a8, RDX=0x0000000000000000
RSP=0x000000005671c020, RBP=0x0000000000000003, RSI=0x0000000000000018, RDI=0x000000005671c070
R8 =0x0000000000000010, R9 =0x000000005b7c4480, R10=0x000000006b4c0000, R11=0x000000005671be40
R12=0x000000006bcd36a8, R13=0x000000006b4c0000, R14=0x000000005b95ab68, R15=0x00000000000003d8
RIP=0x000000006b95caf0, EFLAGS=0x0000000000010246

Top of Stack: (sp=0x000000005671c020)
0x000000005671c020:   000000005671e7c0 000000005bedfdd0
0x000000005671c030:   fffffffffffffff8 00000000551ee6d0
0x000000005671c040:   0000000000000244 000000006b957bbf
0x000000005671c050:   000000005bee9150 000000005bee91f0
0x000000005671c060:   0000000000000244 000000005671c150
0x000000005671c070:   0000024800000000 0000000000000003
0x000000005671c080:   002000006bcd36a8 0000000000000003
0x000000005671c090:   000000005bee92a0 0000000000000007
0x000000005671c0a0:   000000005bee9290 000000005671c440
0x000000005671c0b0:   000000005b95a790 000000005671c440
0x000000005671c0c0:   000000005b95a780 000000006b9244b6
0x000000005671c0d0:   000000005671c550 000000005671c1d0
0x000000005671c0e0:   0000000000000000 0000000000000006
0x000000005671c0f0:   0000000000000002 000000005b95a780
0x000000005671c100:   000000005b90bd00 000000005b90dcf0
0x000000005671c110:   000000005b913ce8 00000000000a2c28 

Instructions: (pc=0x000000006b95caf0)
0x000000006b95cad0:   48 8b 4f 20 48 39 04 0e 0f 84 9d 00 00 00 48 8b
0x000000006b95cae0:   0c 0e 33 d2 33 c0 48 89 4f 10 66 0f 1f 44 00 00
0x000000006b95caf0:   83 3c 08 00 0f 85 36 01 00 00 ff c2 48 83 c0 04
0x000000006b95cb00:   83 fa 08 72 eb 48 8b 47 30 48 89 44 24 30 48 85 


Register to memory mapping:

RAX=0x0000000000000000 is an unknown value
RBX=0x000000005bee91f0 is an unknown value
RCX=0x002000006bcd36a8 is an unknown value
RDX=0x0000000000000000 is an unknown value
RSP=0x000000005671c020 is pointing into the stack for thread: 0x00000000551f7000
RBP=0x0000000000000003 is an unknown value
RSI=0x0000000000000018 is an unknown value
RDI=0x000000005671c070 is pointing into the stack for thread: 0x00000000551f7000
R8 =0x0000000000000010 is an unknown value
R9 =0x000000005b7c4480 is an unknown value
R10=0x000000006b4c0000 is an unknown value
R11=0x000000005671be40 is pointing into the stack for thread: 0x00000000551f7000
R12=0x000000006bcd36a8 is an unknown value
R13=0x000000006b4c0000 is an unknown value
R14=0x000000005b95ab68 is an unknown value
R15=0x00000000000003d8 is an unknown value


Stack: [0x0000000056620000,0x0000000056720000],  sp=0x000000005671c020,  free space=1008k
Native frames: (J=compiled Java code, j=interpreted, Vv=VM code, C=native code)
V  [jvm.dll+0x49caf0]
V  [jvm.dll+0x497bbf]
V  [jvm.dll+0x4644b6]
V  [jvm.dll+0x46f55b]
V  [jvm.dll+0x471b72]
V  [jvm.dll+0x454ce2]
V  [jvm.dll+0xa4be2]
V  [jvm.dll+0xa551f]
V  [jvm.dll+0x243ae4]
V  [jvm.dll+0x29a99a]
C  [msvcr100.dll+0x21d9f]
C  [msvcr100.dll+0x21e3b]
C  [kernel32.dll+0x1652d]
C  [ntdll.dll+0x2c521]


Current CompileTask:
C2: 109523 7749       4       com.sun.org.apache.xerces.internal.dom.ElementImpl::getDefaultAttributes (48 bytes)


---------------  P R O C E S S  ---------------

Java Threads: ( => current thread )
  0x00000000579f0000 JavaThread "pool-3-thread-4" [_thread_blocked, id=5860, stack(0x0000000062400000,0x0000000062500000)]
  0x00000000579ef000 JavaThread "pool-3-thread-3" [_thread_blocked, id=5856, stack(0x00000000621a0000,0x00000000622a0000)]
  0x00000000579ee800 JavaThread "pool-3-thread-2" [_thread_blocked, id=5852, stack(0x0000000062080000,0x0000000062180000)]
  0x00000000579ed800 JavaThread "pool-3-thread-1" [_thread_blocked, id=5848, stack(0x0000000061b40000,0x0000000061c40000)]
  0x00000000579ed000 JavaThread "Cache update executor" [_thread_blocked, id=1868, stack(0x0000000061c70000,0x0000000061d70000)]
  0x00000000579ec000 JavaThread "Stdin handler" [_thread_blocked, id=2376, stack(0x00000000619e0000,0x0000000061ae0000)]
  0x00000000579eb800 JavaThread "Asynchronous log dispatcher for DefaultDaemonConnection: socket connection from /127.0.0.1:49165 to /127.0.0.1:49173" [_thread_blocked, id=4340, stack(0x0000000059e30000,0x0000000059f30000)]
  0x00000000579ea800 JavaThread "Cancel handler" [_thread_blocked, id=3964, stack(0x000000005b5f0000,0x000000005b6f0000)]
  0x000000005a2ef800 JavaThread "Handler for socket connection from /127.0.0.1:49165 to /127.0.0.1:49173" [_thread_in_native, id=1608, stack(0x0000000059ce0000,0x0000000059de0000)]
  0x000000005a2ed800 JavaThread "File lock request listener" [_thread_in_native, id=3604, stack(0x000000005b260000,0x000000005b360000)]
  0x0000000058184000 JavaThread "Daemon worker" [_thread_in_native, id=4460, stack(0x00000000599a0000,0x0000000059aa0000)]
  0x00000000583a7000 JavaThread "Daemon" [_thread_blocked, id=264, stack(0x0000000059890000,0x0000000059990000)]
  0x00000000584fd000 JavaThread "Incoming local TCP Connector on port 49165" [_thread_in_native, id=4024, stack(0x00000000594f0000,0x00000000595f0000)]
  0x00000000580cc000 JavaThread "pool-1-thread-1" [_thread_blocked, id=1892, stack(0x0000000059120000,0x0000000059220000)]
  0x0000000056c36800 JavaThread "Service Thread" daemon [_thread_blocked, id=1748, stack(0x0000000057370000,0x0000000057470000)]
  0x0000000056bb0800 JavaThread "C1 CompilerThread2" daemon [_thread_blocked, id=4904, stack(0x00000000571a0000,0x00000000572a0000)]
=>0x00000000551f7000 JavaThread "C2 CompilerThread1" daemon [_thread_in_native, id=3800, stack(0x0000000056620000,0x0000000056720000)]
  0x00000000551ef800 JavaThread "C2 CompilerThread0" daemon [_thread_blocked, id=1824, stack(0x0000000056ab0000,0x0000000056bb0000)]
  0x00000000551ff000 JavaThread "Attach Listener" daemon [_thread_blocked, id=1692, stack(0x00000000568f0000,0x00000000569f0000)]
  0x00000000551fd800 JavaThread "Signal Dispatcher" daemon [_thread_blocked, id=4884, stack(0x0000000056730000,0x0000000056830000)]
  0x00000000551da000 JavaThread "Finalizer" daemon [_thread_blocked, id=5020, stack(0x0000000056520000,0x0000000056620000)]
  0x0000000055193000 JavaThread "Reference Handler" daemon [_thread_blocked, id=4948, stack(0x0000000056370000,0x0000000056470000)]
  0x000000000215f000 JavaThread "main" [_thread_blocked, id=4916, stack(0x0000000002340000,0x0000000002440000)]

Other Threads:
  0x000000005518b000 VMThread [stack: 0x00000000561b0000,0x00000000562b0000] [id=1100]
  0x0000000056c71000 WatcherThread [stack: 0x00000000574a0000,0x00000000575a0000] [id=4656]

VM state:not at safepoint (normal execution)

VM Mutex/Monitor currently owned by a thread: None

Heap:
 PSYoungGen      total 256000K, used 80572K [0x00000000eab00000, 0x00000000fc900000, 0x0000000100000000)
  eden space 231936K, 34% used [0x00000000eab00000,0x00000000ef9af0b8,0x00000000f8d80000)
  from space 24064K, 0% used [0x00000000fab00000,0x00000000fab00000,0x00000000fc280000)
  to   space 30208K, 0% used [0x00000000f8d80000,0x00000000f8d80000,0x00000000fab00000)
 ParOldGen       total 153088K, used 48078K [0x00000000c0000000, 0x00000000c9580000, 0x00000000eab00000)
  object space 153088K, 31% used [0x00000000c0000000,0x00000000c2ef3a20,0x00000000c9580000)
 Metaspace       used 59123K, capacity 61482K, committed 61656K, reserved 1101824K
  class space    used 8131K, capacity 8653K, committed 8664K, reserved 1048576K

Card table byte_map: [0x0000000011ad0000,0x0000000011ce0000] byte_map_base: 0x00000000114d0000

Marking Bits: (ParMarkBitMap*) 0x000000006bcd2f70
 Begin Bits: [0x0000000012600000, 0x0000000013600000)
 End Bits:   [0x0000000013600000, 0x0000000014600000)

Polling page: 0x0000000000330000

CodeCache: size=245760Kb used=22797Kb max_used=22808Kb free=222962Kb
 bounds [0x0000000002710000, 0x0000000003d70000, 0x0000000011710000]
 total_blobs=7697 nmethods=6940 adapters=668
 compilation: enabled

Compilation events (10 events):
Event: 109.189 Thread 0x0000000056bb0800 7822       2       com.sun.org.apache.xerces.internal.parsers.XML11Configuration::setDTDHandler (6 bytes)
Event: 109.190 Thread 0x0000000056bb0800 nmethod 7822 0x000000000342fed0 code [0x0000000003430020, 0x0000000003430190]
Event: 109.190 Thread 0x0000000056bb0800 7823       2       com.sun.org.apache.xerces.internal.parsers.XML11Configuration::setDTDContentModelHandler (6 bytes)
Event: 109.190 Thread 0x0000000056bb0800 nmethod 7823 0x000000000342fb90 code [0x000000000342fce0, 0x000000000342fe50]
Event: 109.193 Thread 0x0000000056bb0800 7824   !   2       com.sun.org.apache.xerces.internal.impl.dv.DTDDVFactory::getInstance (79 bytes)
Event: 109.194 Thread 0x0000000056bb0800 nmethod 7824 0x000000000342e0d0 code [0x000000000342e2e0, 0x000000000342e888]
Event: 109.194 Thread 0x0000000056bb0800 7825       2       com.sun.org.apache.xerces.internal.impl.XMLVersionDetector::<init> (137 bytes)
Event: 109.194 Thread 0x0000000056bb0800 nmethod 7825 0x000000000342f690 code [0x000000000342f7e0, 0x000000000342faf0]
Event: 109.194 Thread 0x0000000056bb0800 7826       2       sun.misc.URLClassPath$1::hasMoreElements (5 bytes)
Event: 109.194 Thread 0x0000000056bb0800 nmethod 7826 0x000000000342f310 code [0x000000000342f480, 0x000000000342f5e8]

GC Heap History (10 events):
Event: 22.371 GC heap before
{Heap before GC invocations=7 (full 2):
 PSYoungGen      total 138240K, used 5112K [0x00000000eab00000, 0x00000000f5e00000, 0x0000000100000000)
  eden space 133120K, 0% used [0x00000000eab00000,0x00000000eab00000,0x00000000f2d00000)
  from space 5120K, 99% used [0x00000000f2d00000,0x00000000f31fe090,0x00000000f3200000)
  to   space 14848K, 0% used [0x00000000f4f80000,0x00000000f4f80000,0x00000000f5e00000)
 ParOldGen       total 67584K, used 22428K [0x00000000c0000000, 0x00000000c4200000, 0x00000000eab00000)
  object space 67584K, 33% used [0x00000000c0000000,0x00000000c15e7318,0x00000000c4200000)
 Metaspace       used 34650K, capacity 35284K, committed 35416K, reserved 1079296K
  class space    used 4723K, capacity 4928K, committed 4952K, reserved 1048576K
Event: 22.468 GC heap after
Heap after GC invocations=7 (full 2):
 PSYoungGen      total 138240K, used 0K [0x00000000eab00000, 0x00000000f5e00000, 0x0000000100000000)
  eden space 133120K, 0% used [0x00000000eab00000,0x00000000eab00000,0x00000000f2d00000)
  from space 5120K, 0% used [0x00000000f2d00000,0x00000000f2d00000,0x00000000f3200000)
  to   space 14848K, 0% used [0x00000000f4f80000,0x00000000f4f80000,0x00000000f5e00000)
 ParOldGen       total 97280K, used 18337K [0x00000000c0000000, 0x00000000c5f00000, 0x00000000eab00000)
  object space 97280K, 18% used [0x00000000c0000000,0x00000000c11e85d8,0x00000000c5f00000)
 Metaspace       used 34627K, capacity 35260K, committed 35416K, reserved 1079296K
  class space    used 4716K, capacity 4920K, committed 4952K, reserved 1048576K
}
Event: 25.193 GC heap before
{Heap before GC invocations=8 (full 2):
 PSYoungGen      total 138240K, used 133120K [0x00000000eab00000, 0x00000000f5e00000, 0x0000000100000000)
  eden space 133120K, 100% used [0x00000000eab00000,0x00000000f2d00000,0x00000000f2d00000)
  from space 5120K, 0% used [0x00000000f2d00000,0x00000000f2d00000,0x00000000f3200000)
  to   space 14848K, 0% used [0x00000000f4f80000,0x00000000f4f80000,0x00000000f5e00000)
 ParOldGen       total 97280K, used 18337K [0x00000000c0000000, 0x00000000c5f00000, 0x00000000eab00000)
  object space 97280K, 18% used [0x00000000c0000000,0x00000000c11e85d8,0x00000000c5f00000)
 Metaspace       used 45399K, capacity 46356K, committed 46680K, reserved 1089536K
  class space    used 6195K, capacity 6465K, committed 6488K, reserved 1048576K
Event: 25.207 GC heap after
Heap after GC invocations=8 (full 2):
 PSYoungGen      total 166400K, used 13839K [0x00000000eab00000, 0x00000000f8f80000, 0x0000000100000000)
  eden space 151552K, 0% used [0x00000000eab00000,0x00000000eab00000,0x00000000f3f00000)
  from space 14848K, 93% used [0x00000000f4f80000,0x00000000f5d03ea0,0x00000000f5e00000)
  to   space 16896K, 0% used [0x00000000f3f00000,0x00000000f3f00000,0x00000000f4f80000)
 ParOldGen       total 97280K, used 18345K [0x00000000c0000000, 0x00000000c5f00000, 0x00000000eab00000)
  object space 97280K, 18% used [0x00000000c0000000,0x00000000c11ea5d8,0x00000000c5f00000)
 Metaspace       used 45399K, capacity 46356K, committed 46680K, reserved 1089536K
  class space    used 6195K, capacity 6465K, committed 6488K, reserved 1048576K
}
Event: 28.244 GC heap before
{Heap before GC invocations=9 (full 2):
 PSYoungGen      total 166400K, used 165391K [0x00000000eab00000, 0x00000000f8f80000, 0x0000000100000000)
  eden space 151552K, 100% used [0x00000000eab00000,0x00000000f3f00000,0x00000000f3f00000)
  from space 14848K, 93% used [0x00000000f4f80000,0x00000000f5d03ea0,0x00000000f5e00000)
  to   space 16896K, 0% used [0x00000000f3f00000,0x00000000f3f00000,0x00000000f4f80000)
 ParOldGen       total 97280K, used 18345K [0x00000000c0000000, 0x00000000c5f00000, 0x00000000eab00000)
  object space 97280K, 18% used [0x00000000c0000000,0x00000000c11ea5d8,0x00000000c5f00000)
 Metaspace       used 52628K, capacity 54366K, committed 54488K, reserved 1095680K
  class space    used 7390K, capacity 7775K, committed 7896K, reserved 1048576K
Event: 28.299 GC heap after
Heap after GC invocations=9 (full 2):
 PSYoungGen      total 168448K, used 16864K [0x00000000eab00000, 0x00000000fc280000, 0x0000000100000000)
  eden space 151552K, 0% used [0x00000000eab00000,0x00000000eab00000,0x00000000f3f00000)
  from space 16896K, 99% used [0x00000000f3f00000,0x00000000f4f781f8,0x00000000f4f80000)
  to   space 24064K, 0% used [0x00000000fab00000,0x00000000fab00000,0x00000000fc280000)
 ParOldGen       total 97280K, used 27675K [0x00000000c0000000, 0x00000000c5f00000, 0x00000000eab00000)
  object space 97280K, 28% used [0x00000000c0000000,0x00000000c1b06d88,0x00000000c5f00000)
 Metaspace       used 52628K, capacity 54366K, committed 54488K, reserved 1095680K
  class space    used 7390K, capacity 7775K, committed 7896K, reserved 1048576K
}
Event: 51.829 GC heap before
{Heap before GC invocations=10 (full 2):
 PSYoungGen      total 168448K, used 153419K [0x00000000eab00000, 0x00000000fc280000, 0x0000000100000000)
  eden space 151552K, 90% used [0x00000000eab00000,0x00000000f305ab58,0x00000000f3f00000)
  from space 16896K, 99% used [0x00000000f3f00000,0x00000000f4f781f8,0x00000000f4f80000)
  to   space 24064K, 0% used [0x00000000fab00000,0x00000000fab00000,0x00000000fc280000)
 ParOldGen       total 97280K, used 27675K [0x00000000c0000000, 0x00000000c5f00000, 0x00000000eab00000)
  object space 97280K, 28% used [0x00000000c0000000,0x00000000c1b06d88,0x00000000c5f00000)
 Metaspace       used 56674K, capacity 58964K, committed 59028K, reserved 1099776K
  class space    used 7851K, capacity 8356K, committed 8408K, reserved 1048576K
Event: 51.928 GC heap after
Heap after GC invocations=10 (full 2):
 PSYoungGen      total 256000K, used 24060K [0x00000000eab00000, 0x00000000fc900000, 0x0000000100000000)
  eden space 231936K, 0% used [0x00000000eab00000,0x00000000eab00000,0x00000000f8d80000)
  from space 24064K, 99% used [0x00000000fab00000,0x00000000fc27f3f0,0x00000000fc280000)
  to   space 30208K, 0% used [0x00000000f8d80000,0x00000000f8d80000,0x00000000fab00000)
 ParOldGen       total 97280K, used 33150K [0x00000000c0000000, 0x00000000c5f00000, 0x00000000eab00000)
  object space 97280K, 34% used [0x00000000c0000000,0x00000000c205faf8,0x00000000c5f00000)
 Metaspace       used 56674K, capacity 58964K, committed 59028K, reserved 1099776K
  class space    used 7851K, capacity 8356K, committed 8408K, reserved 1048576K
}
Event: 51.928 GC heap before
{Heap before GC invocations=11 (full 3):
 PSYoungGen      total 256000K, used 24060K [0x00000000eab00000, 0x00000000fc900000, 0x0000000100000000)
  eden space 231936K, 0% used [0x00000000eab00000,0x00000000eab00000,0x00000000f8d80000)
  from space 24064K, 99% used [0x00000000fab00000,0x00000000fc27f3f0,0x00000000fc280000)
  to   space 30208K, 0% used [0x00000000f8d80000,0x00000000f8d80000,0x00000000fab00000)
 ParOldGen       total 97280K, used 33150K [0x00000000c0000000, 0x00000000c5f00000, 0x00000000eab00000)
  object space 97280K, 34% used [0x00000000c0000000,0x00000000c205faf8,0x00000000c5f00000)
 Metaspace       used 56674K, capacity 58964K, committed 59028K, reserved 1099776K
  class space    used 7851K, capacity 8356K, committed 8408K, reserved 1048576K
Event: 52.506 GC heap after
Heap after GC invocations=11 (full 3):
 PSYoungGen      total 256000K, used 0K [0x00000000eab00000, 0x00000000fc900000, 0x0000000100000000)
  eden space 231936K, 0% used [0x00000000eab00000,0x00000000eab00000,0x00000000f8d80000)
  from space 24064K, 0% used [0x00000000fab00000,0x00000000fab00000,0x00000000fc280000)
  to   space 30208K, 0% used [0x00000000f8d80000,0x00000000f8d80000,0x00000000fab00000)
 ParOldGen       total 153088K, used 48078K [0x00000000c0000000, 0x00000000c9580000, 0x00000000eab00000)
  object space 153088K, 31% used [0x00000000c0000000,0x00000000c2ef3a20,0x00000000c9580000)
 Metaspace       used 56674K, capacity 58964K, committed 59028K, reserved 1099776K
  class space    used 7851K, capacity 8356K, committed 8408K, reserved 1048576K
}

Deoptimization events (10 events):
Event: 54.537 Thread 0x0000000058184000 Uncommon trap: reason=class_check action=maybe_recompile pc=0x000000000331b684 method=com.sun.org.apache.xerces.internal.dom.NodeImpl.ownerDocument()Lcom/sun/org/apache/xerces/internal/dom/CoreDocumentImpl; @ 11
Event: 54.537 Thread 0x0000000058184000 Uncommon trap: reason=class_check action=maybe_recompile pc=0x000000000331b684 method=com.sun.org.apache.xerces.internal.dom.NodeImpl.ownerDocument()Lcom/sun/org/apache/xerces/internal/dom/CoreDocumentImpl; @ 11
Event: 54.541 Thread 0x0000000058184000 Uncommon trap: reason=unstable_if action=reinterpret pc=0x00000000031ed3dc method=com.sun.org.apache.xerces.internal.dom.DeferredDocumentImpl.getPrevSibling(IZ)I @ 2
Event: 108.918 Thread 0x0000000058184000 Uncommon trap: reason=unstable_if action=reinterpret pc=0x0000000002a207f8 method=sun.nio.cs.UTF_8$Decoder.decode([BII[C)I @ 30
Event: 108.928 Thread 0x0000000058184000 Uncommon trap: reason=unstable_if action=reinterpret pc=0x000000000358f800 method=java.lang.StringCoding.safeTrim([CILjava/nio/charset/Charset;Z)[C @ 3
Event: 109.011 Thread 0x0000000058184000 Uncommon trap: reason=unstable_if action=reinterpret pc=0x0000000002f375ec method=com.android.utils.PositionXmlParser$DomBuilder.findOpeningTag(Lcom/android/utils/PositionXmlParser$Position;)Lcom/android/utils/PositionXmlParser$Position; @ 59
Event: 109.035 Thread 0x0000000058184000 Uncommon trap: reason=unstable_if action=reinterpret pc=0x000000000359bce8 method=java.lang.StringCoding.safeTrim([CILjava/nio/charset/Charset;Z)[C @ 3
Event: 109.037 Thread 0x0000000058184000 Uncommon trap: reason=unstable_if action=reinterpret pc=0x0000000002f2b930 method=com.sun.org.apache.xerces.internal.impl.XMLEntityScanner.scanQName(Lcom/sun/org/apache/xerces/internal/xni/QName;)Z @ 69
Event: 109.039 Thread 0x0000000058184000 Uncommon trap: reason=unstable_if action=reinterpret pc=0x000000000359b158 method=java.lang.StringCoding.safeTrim([CILjava/nio/charset/Charset;Z)[C @ 3
Event: 109.073 Thread 0x0000000058184000 Uncommon trap: reason=null_check action=make_not_entrant pc=0x00000000033f9bf4 method=com.sun.org.apache.xerces.internal.dom.ElementImpl.getDefaultAttributes()Lcom/sun/org/apache/xerces/internal/dom/NamedNodeMapImpl; @ 7

Internal exceptions (10 events):
Event: 51.139 Thread 0x0000000058184000 Exception <a 'sun/nio/fs/WindowsException'> (0x00000000f1eb0df8) thrown at [C:\re\workspace\8-2-build-windows-amd64-cygwin\jdk8u91\6644\hotspot\src\share\vm\prims\jni.cpp, line 709]
Event: 51.139 Thread 0x0000000058184000 Exception <a 'sun/nio/fs/WindowsException'> (0x00000000f1eb1778) thrown at [C:\re\workspace\8-2-build-windows-amd64-cygwin\jdk8u91\6644\hotspot\src\share\vm\prims\jni.cpp, line 709]
Event: 51.139 Thread 0x0000000058184000 Exception <a 'sun/nio/fs/WindowsException'> (0x00000000f1eb31b0) thrown at [C:\re\workspace\8-2-build-windows-amd64-cygwin\jdk8u91\6644\hotspot\src\share\vm\prims\jni.cpp, line 709]
Event: 51.139 Thread 0x0000000058184000 Exception <a 'sun/nio/fs/WindowsException'> (0x00000000f1eb3bf8) thrown at [C:\re\workspace\8-2-build-windows-amd64-cygwin\jdk8u91\6644\hotspot\src\share\vm\prims\jni.cpp, line 709]
Event: 51.751 Thread 0x0000000058184000 Exception <a 'java/lang/NoSuchMethodError': <clinit>> (0x00000000f2dc7980) thrown at [C:\re\workspace\8-2-build-windows-amd64-cygwin\jdk8u91\6644\hotspot\src\share\vm\prims\jni.cpp, line 1613]
Event: 51.752 Thread 0x0000000058184000 Exception <a 'java/lang/NoSuchMethodError': <clinit>> (0x00000000f2dd51e8) thrown at [C:\re\workspace\8-2-build-windows-amd64-cygwin\jdk8u91\6644\hotspot\src\share\vm\prims\jni.cpp, line 1613]
Event: 51.764 Thread 0x0000000058184000 Exception <a 'java/lang/NoSuchMethodError': <clinit>> (0x00000000f2e47068) thrown at [C:\re\workspace\8-2-build-windows-amd64-cygwin\jdk8u91\6644\hotspot\src\share\vm\prims\jni.cpp, line 1613]
Event: 51.766 Thread 0x0000000058184000 Exception <a 'java/lang/NoSuchMethodError': <clinit>> (0x00000000f2e5fdc0) thrown at [C:\re\workspace\8-2-build-windows-amd64-cygwin\jdk8u91\6644\hotspot\src\share\vm\prims\jni.cpp, line 1613]
Event: 51.766 Thread 0x0000000058184000 Exception <a 'java/lang/NoSuchMethodError': <clinit>> (0x00000000f2e61a40) thrown at [C:\re\workspace\8-2-build-windows-amd64-cygwin\jdk8u91\6644\hotspot\src\share\vm\prims\jni.cpp, line 1613]
Event: 109.073 Thread 0x0000000058184000 Implicit null exception at 0x00000000033f85dc to 0x00000000033f9be5

Events (10 events):
Event: 109.049 Thread 0x0000000058184000 DEOPT UNPACKING pc=0x000000000275787f sp=0x0000000059a9b148 mode 0
Event: 109.057 Thread 0x0000000058184000 DEOPT PACKING pc=0x0000000002f34561 sp=0x0000000059a9b3e0
Event: 109.057 Thread 0x0000000058184000 DEOPT UNPACKING pc=0x000000000275787f sp=0x0000000059a9b148 mode 0
Event: 109.058 Thread 0x0000000058184000 DEOPT PACKING pc=0x000000000319ea88 sp=0x0000000059a9b650
Event: 109.058 Thread 0x0000000058184000 DEOPT UNPACKING pc=0x000000000275787f sp=0x0000000059a9b4f8 mode 0
Event: 109.067 Thread 0x0000000058184000 DEOPT PACKING pc=0x000000000319ea88 sp=0x0000000059a9b570
Event: 109.067 Thread 0x0000000058184000 DEOPT UNPACKING pc=0x000000000275787f sp=0x0000000059a9b418 mode 0
Event: 109.073 Thread 0x0000000058184000 Uncommon trap: trap_request=0xfffffff4 fr.pc=0x00000000033f9bf4
Event: 109.073 Thread 0x0000000058184000 DEOPT PACKING pc=0x00000000033f9bf4 sp=0x0000000059a9b2c0
Event: 109.073 Thread 0x0000000058184000 DEOPT UNPACKING pc=0x000000000275582a sp=0x0000000059a9b2a0 mode 2


Dynamic libraries:
0x000000013ffd0000 - 0x0000000140007000 	C:\Program Files\Java\jdk8\bin\java.exe
0x0000000076fd0000 - 0x0000000077179000 	C:\Windows\SYSTEM32\ntdll.dll
0x0000000076eb0000 - 0x0000000076fcf000 	C:\Windows\system32\kernel32.dll
0x000007fefd110000 - 0x000007fefd17b000 	C:\Windows\system32\KERNELBASE.dll
0x000007fefee80000 - 0x000007fefef5b000 	C:\Windows\system32\ADVAPI32.dll
0x000007fefd600000 - 0x000007fefd69f000 	C:\Windows\system32\msvcrt.dll
0x000007fefecc0000 - 0x000007fefecdf000 	C:\Windows\SYSTEM32\sechost.dll
0x000007feff0f0000 - 0x000007feff21d000 	C:\Windows\system32\RPCRT4.dll
0x0000000076db0000 - 0x0000000076eaa000 	C:\Windows\system32\USER32.dll
0x000007fefeb30000 - 0x000007fefeb97000 	C:\Windows\system32\GDI32.dll
0x000007feff270000 - 0x000007feff27e000 	C:\Windows\system32\LPK.dll
0x000007fefebd0000 - 0x000007fefec99000 	C:\Windows\system32\USP10.dll
0x000007fefb620000 - 0x000007fefb814000 	C:\Windows\WinSxS\amd64_microsoft.windows.common-controls_6595b64144ccf1df_6.0.7601.17514_none_fa396087175ac9ac\COMCTL32.dll
0x000007fefee00000 - 0x000007fefee71000 	C:\Windows\system32\SHLWAPI.dll
0x000007fefeba0000 - 0x000007fefebce000 	C:\Windows\system32\IMM32.DLL
0x000007fefd6a0000 - 0x000007fefd7a9000 	C:\Windows\system32\MSCTF.dll
0x000000006ce50000 - 0x000000006cf22000 	C:\Program Files\Java\jdk8\jre\bin\msvcr100.dll
0x000000006b4c0000 - 0x000000006bd53000 	C:\Program Files\Java\jdk8\jre\bin\server\jvm.dll
0x000007fef28a0000 - 0x000007fef28a9000 	C:\Windows\system32\WSOCK32.dll
0x000007feff220000 - 0x000007feff26d000 	C:\Windows\system32\WS2_32.dll
0x000007fefef60000 - 0x000007fefef68000 	C:\Windows\system32\NSI.dll
0x000007fef92e0000 - 0x000007fef931b000 	C:\Windows\system32\WINMM.dll
0x000007fefc0e0000 - 0x000007fefc0ec000 	C:\Windows\system32\VERSION.dll
0x0000000077190000 - 0x0000000077197000 	C:\Windows\system32\PSAPI.DLL
0x000000006f630000 - 0x000000006f63f000 	C:\Program Files\Java\jdk8\jre\bin\verify.dll
0x000000006f600000 - 0x000000006f629000 	C:\Program Files\Java\jdk8\jre\bin\java.dll
0x000000006f5e0000 - 0x000000006f5f6000 	C:\Program Files\Java\jdk8\jre\bin\zip.dll
0x000007fefdb40000 - 0x000007fefe8c8000 	C:\Windows\system32\SHELL32.dll
0x000007fefd930000 - 0x000007fefdb33000 	C:\Windows\system32\ole32.dll
0x000007fefcf20000 - 0x000007fefcf2f000 	C:\Windows\system32\profapi.dll
0x000000006f5c0000 - 0x000000006f5da000 	C:\Program Files\Java\jdk8\jre\bin\net.dll
0x000007fefc750000 - 0x000007fefc7a5000 	C:\Windows\system32\mswsock.dll
0x000007fefc740000 - 0x000007fefc747000 	C:\Windows\System32\wship6.dll
0x000000006f5a0000 - 0x000000006f5b1000 	C:\Program Files\Java\jdk8\jre\bin\nio.dll
0x000007feed060000 - 0x000007feed07e000 	C:\Users\Admin\.gradle\native\23\windows-amd64\native-platform.dll
0x000007fefc7b0000 - 0x000007fefc7c7000 	C:\Windows\system32\CRYPTSP.dll
0x000007fefc4b0000 - 0x000007fefc4f7000 	C:\Windows\system32\rsaenh.dll
0x000007fefc2e0000 - 0x000007fefc2fe000 	C:\Windows\system32\USERENV.dll
0x000007fefce50000 - 0x000007fefce5f000 	C:\Windows\system32\CRYPTBASE.dll
0x000007fefc0b0000 - 0x000007fefc0d7000 	C:\Windows\system32\IPHLPAPI.DLL
0x000007fefc0a0000 - 0x000007fefc0ab000 	C:\Windows\system32\WINNSI.DLL
0x000007fefc010000 - 0x000007fefc028000 	C:\Windows\system32\dhcpcsvc.DLL
0x000007fefa6d0000 - 0x000007fefa6e1000 	C:\Windows\system32\dhcpcsvc6.DLL
0x000000006f590000 - 0x000000006f59d000 	C:\Program Files\Java\jdk8\jre\bin\management.dll
0x000007fefcdf0000 - 0x000007fefce47000 	C:\Windows\system32\apphelp.dll
0x000007fef2b40000 - 0x000007fef2c65000 	C:\Windows\system32\dbghelp.dll

VM Arguments:
jvm_args: -XX:MaxPermSize=256m -XX:+HeapDumpOnOutOfMemoryError -Xmx1024m -Dfile.encoding=windows-1252 -Duser.country=US -Duser.language=en -Duser.variant 
java_command: org.gradle.launcher.daemon.bootstrap.GradleDaemon 3.3
java_class_path (initial): C:\Users\Admin\.gradle\wrapper\dists\gradle-3.3-all\55gk2rcmfc6p2dg9u9ohc3hw9\gradle-3.3\lib\gradle-launcher-3.3.jar
Launcher Type: SUN_STANDARD

Environment Variables:
JAVA_HOME=C:\Program Files\Java\jdk8
PATH=C:\ProgramData\Oracle\Java\javapath;C:\Windows\system32;C:\Windows;C:\Windows\System32\Wbem;C:\Windows\System32\WindowsPowerShell\v1.0\;C:\Program Files (x86)\ATI Technologies\ATI.ACE\Core-Static;C:\Program Files\Java\jdk8\bin;C:\Program Files\Java\jre8\bin;C:\Program Files (x86)\Skype\Phone\;C:\Program Files (x86)\MySQL\MySQL Fabric 1.5 & MySQL Utilities 1.5\;C:\Program Files (x86)\MySQL\MySQL Fabric 1.5 & MySQL Utilities 1.5\Doctrine extensions for PHP\;C:\Program Files\MongoDB\Server\3.4\bin
USERNAME=Admin
OS=Windows_NT
PROCESSOR_IDENTIFIER=Intel64 Family 6 Model 69 Stepping 1, GenuineIntel



---------------  S Y S T E M  ---------------

OS: Windows 7 , 64 bit Build 7601 (6.1.7601.17514)

CPU:total 4 (2 cores per cpu, 2 threads per core) family 6 model 69 stepping 1, cmov, cx8, fxsr, mmx, sse, sse2, sse3, ssse3, sse4.1, sse4.2, popcnt, avx, avx2, aes, clmul, erms, lzcnt, ht, tsc, tscinvbit, bmi1, bmi2

Memory: 4k page, physical 8312052k(5016488k free), swap 16622260k(12940972k free)

vm_info: Java HotSpot(TM) 64-Bit Server VM (25.91-b14) for windows-amd64 JRE (1.8.0_91-b14), built on Apr  1 2016 00:58:32 by "java_re" with MS VC++ 10.0 (VS2010)

time: Sat Jun 24 09:20:55 2017
elapsed time: 109 seconds (0d 0h 1m 49s)

